# language_name_wals:	English
# language_name_glotto:	English
# ISO_6393:	eng
# year_composed:	NA
# year_published:	NA
# mode:	written
# genre_broad:	technical
# genre_narrow:	NA
# writing_system:	Latn
# special_characters:	NA
# short_description:	Ubuntu
# source:	https://object.pouta.csc.fi/OPUS-Ubuntu/v14.10/raw/en.zip
# copyright_short:	http://opus.nlpl.eu/Ubuntu.php
# copyright_long:	http://opus.nlpl.eu/Ubuntu.php J. Tiedemann, 2012, Parallel Data, Tools and Interfaces in OPUS. In Proceedings of the 8th International Conference on Language Resources and Evaluation (LREC 2012)
# sample_type:	whole
# comments:	NA

Prettify output
Indentation spaces
%s: %s: error opening file: %s
%s: %s: error parsing file: %s
%s: %s: error writing to stdout
%s: %s: error closing: %s
FILE
Format JSON files.
json-glib-format formats JSON resources.
Error parsing commandline options: %s
Try "%s --help" for more information.
%s: missing files
Validate JSON files.
json-glib-validate validates JSON data at the given URI.
Expecting a JSON object, but the root node is of type `%s'
Unexpected type '%s' in JSON node
Missing elements in JSON array to conform to a tuple
Missing closing symbol ')' in the GVariant tuple type
Unexpected extra elements in JSON array
Invalid string value converting to GVariant
A GVariant dictionary entry expects a JSON object with exactly one member
GVariant class '%c' not supported
Invalid GVariant signature
JSON data is empty
%s:%d:%d: Parse error: %s
JSON data must be UTF-8 encoded
Only one root node is allowed in a JSONPath expression
Root node followed by invalid character '%c'
Missing member name or wildcard after . character
Malformed slice expression '%*s'
Invalid set definition '%*s'
Invalid slice definition '%*s'
Invalid array index definition '%*s'
Invalid first character '%c'
The current node is of type '%s', but an array or an object was expected.
The index '%d' is greater than the size of the array at the current position.
The index '%d' is greater than the size of the object at the current position.
No node available at the current position
The current position holds a '%s' and not an array
The current node is of type '%s', but an object was expected.
The member '%s' is not defined in the object at the current position.
The current position holds a '%s' and not an object
The current position holds a '%s' and not a value
The current position does not hold a string type