# language_name_wals:	English
# language_name_glotto:	English
# ISO_6393:	eng
# year_composed:	NA
# year_published:	NA
# mode:	written
# genre_broad:	technical
# genre_narrow:	NA
# writing_system:	Latn
# special_characters:	NA
# short_description:	Ubuntu
# source:	https://object.pouta.csc.fi/OPUS-Ubuntu/v14.10/raw/en.zip
# copyright_short:	http://opus.nlpl.eu/Ubuntu.php
# copyright_long:	http://opus.nlpl.eu/Ubuntu.php J. Tiedemann, 2012, Parallel Data, Tools and Interfaces in OPUS. In Proceedings of the 8th International Conference on Language Resources and Evaluation (LREC 2012)
# sample_type:	whole
# comments:	NA

Error couldn't allocate temporary file
Error: Out of Memory
Error: Can't add directory %s to search path
Error: Could not allocate memory
Error: could not allocate buffer for include. line %d in %s
Error: bad include. line %d in %s
Error: exceeded %d levels of includes. NOT processing %s include
Error: #include %s%c not found. line %d in %s
PANIC bad increment buffer %p pos %p ext %p size %d res %p
Unable to open %s - %s
unable to create work area
unable to serialize profile %s
%s: Unable to write entire profile entry
(ip_mode) Found unexpected character: '%s'
Found unexpected character: '%s'
%s: Could not allocate memory for subdomain mount point
%s: Could not allocate memory for subdomainbase mount point
%s: Sorry. You need root privileges to run this program.
%s: Warning! You've set this program setuid root.
Anybody who can run this program can update your AppArmor profiles.
%s: Unable to query modules - '%s'
Either modules are disabled or your kernel is too old.
%s: Unable to find
!
Ensure that it has been loaded.
%s: Errors found in file. Aborting.
%s: Errors found in combining rules postprocessing. Aborting.
%s: Errors found during regex postprocess. Aborting.
Couldn't merge entries. Out of Memory
profile %s: has merged rule %s with multiple x modifiers
ERROR in profile %s, failed to load
Bad write position
Permission denied
Out of memory
Couldn't copy profile Bad memory address
Profile doesn't conform to protocol
Profile does not match signature
Profile version not supported
Profile already exists
Profile doesn't exist
Unknown error
%s: Unable to add "%s".
%s: Unable to replace "%s".
%s: Unable to remove "%s".
%s: Unable to write to stdout
%s: ASSERT: Invalid option: %d
Addition succeeded for "%s".
Replacement succeeded for "%s".
Removal succeeded for "%s".
Memory allocation error.
Default allow subdomains are no longer supported, sorry. (domain: %s)
Default allow subdomains are no longer supported, sorry. (domain: %s^%s)
Assert: `rule' returned NULL.
Assert: `netrule' returned NULL.
Assert: 'hat rule' returned NULL.
md5 signature given without execute privilege.
missing an end of line character? (entry: %s)
Negative subdomain entries are no longer supported, sorry. (entry: %s)
Assert: `addresses' returned NULL.
Network entries can only have one TO address.
Network entries can only have one FROM address.
`%s' is not a valid ip address.
`/%d' is not a valid netmask.
`%s' is not a valid netmask.
ports must be between %d and %d
AppArmor parser error, line %d: %s
Exec qualifier 'i' must be followed by 'x'
Exec qualifier 'i' invalid, conflicting qualifier already specified
Exec qualifier 'u' must be followed by 'x'
Exec qualifier 'u' invalid, conflicting qualifier already specified
Exec qualifier 'p' must be followed by 'x'
Exec qualifier 'p' invalid, conflicting qualifier already specified
Invalid mode, 'x' must be preceded by exec qualifier 'i', 'u' or 'p'
Internal: unexpected mode character in input
%s: Illegal open {, nesting groupings not allowed
%s: Regex grouping error: Invalid number of items between {}
%s: Regex grouping error: Invalid close }, no matching open { detected
%s: Regex grouping error: Unclosed grouping, expecting close }
%s: Internal buffer overflow detected, %d characters exceeded
%s: Unable to parse input line '%s'
%s: Failed to compile regex '%s' [original: '%s']
%s: error near
%s: error reason: '%s'
%s: Failed to compile regex '%s' [original: '%s'] - malloc failed
%s: Subdomain '%s' defined, but no parent '%s'.
%s: Two SubDomains defined for '%s'.
Warning (line %d):