# language_name_wals:	Spanish
# language_name_glotto:	Spanish
# ISO_6393:	spa
# year_composed:	NA
# year_published:	2013
# mode:	written
# genre_broad:	technical
# genre_narrow:	NA
# writing_system:	Latn
# special_characters:	NA
# short_description:	Ubuntu
# source:	https://object.pouta.csc.fi/OPUS-Ubuntu/v14.10/raw/es.zip
# copyright_short:	http://opus.nlpl.eu/Ubuntu.php
# copyright_long:	http://opus.nlpl.eu/Ubuntu.php J. Tiedemann, 2012, Parallel Data, Tools and Interfaces in OPUS. In Proceedings of the 8th International Conference on Language Resources and Evaluation (LREC 2012)
# sample_type:	whole
# comments:	NA

Error: memoria insuficiente.
Error: el directorio base %s no es un directorio. Se va a omitir.
Error: no se ha podido añadir el directorio %s a la vía de búsqueda.
Error: no es posible asignar memoria.
Posición de escritura incorrecta
Permiso denegado
Memoria agotada
No se puede copiar el perfil. Dirección de memoria incorrecta
El perfil no se ajusta al protocolo
El perfil no coincide con la firma
La versión del perfil no se admite en el módulo de Apparmor.
El perfil ya existe
El perfil no existe
Permiso denegado. ¿Intentando cargar un perfil mientras estaba confinado?
Error desconocido (%d): %s
%s: no es posible añadir "%s".
%s: no es posible sustituir "%s".
%s: no es posible eliminar "%s".
%s: no es posible escribir en stdout
%s: imposible escribir en el archivo de salida
%s: AFIRMACIÓN: Opción no válida: %d
Adición correcta de "%s".
Sustitución correcta de "%s".
Eliminación correcta de "%s".
PANIC: incremento de buffer incorrecto; pos %p; ext %p; tamaño %p; res %d %p
perfil %s no se cumplen las reglas de red
Tipo de patrón desconocido
No es posible abrir %s - %s
Error de asignación de memoria: no se puede eliminar ^%s
Error de asignación de memoria: no se puede eliminar %s:%s.
no es posible crear área de trabajo
no es posible poner en serie el perfil %s
%s: no es posible escribir todo el perfil
%s: Imposible escribir la entrada de perfil completa a la caché
No se pudo abrir '%s'
fstat falló para «%s»
opendir falló «%s»
stat falló para «%s»
No se pudo abrir «%s» en «%s»
Se ha detectado un carácter inesperado: '%s'
Las declaraciones de variables no aceptan comas al final
(network_mode) Se ha encontrado un carácter inesperado: %s
Aviso desde %s (%s%slínea %d): %s
%s: no es posible asignar memoria para el punto de montaje de base de subdominio
Advertencia: no se encuentra un sistema de archivos adecuado en %s. ¿Se ha montado?
Use --subdomainfs para anular.
%s: lo sentimos, pero debe tener privilegios de usuario Root para ejecutar este programa.
%s: advertencia. Ha configurado este programa como raíz de setuid.
Cualquier usuario que pueda ejecutar este programa podrá actualizar los perfiles de AppArmor.
Error: no se ha podido leer el perfil %s: %s.
Error de asignación de memoria.
Cargado con éxito valor cacheado para «%s».
Recargado con éxito valor cacheado para «%s».
%s: se han detectado errores en el archivo. Cancelando.
Los calificadores en mayúscula RWLIMX han quedado obsoletos. Conviértalos a minúscula.
Consulte la página man apparmor.d(5) para obtener detalles.
Conflicto: los permisos a y w son mutuamente excluyentes.
El calificador de ejecución 'i' no es válido, ya se ha especificado un calificador en conflicto
El calificador de ejecución sin limitar (%c%c) permite que se pasen algunas variables de entorno peligrosas al proceso sin limitar; consulte man 5 apparmor.d para obtener detalles.
El calificador de ejecución %c no es válido. Ya se ha especificado un calificador en conflicto.
El calificador de ejecución %c%c no es válido, ya que está en conflicto con un calificador ya definido.
Interno: carácter de modo inesperado %c en la entrada
Un error interno ha generado permisos no válidos 0x%llx
Error del analizador de AppArmor: %s
No es posible fusionar las entradas. Memoria agotada
perfil %s: se fusionó la regla %s con modificadores «x» eh conflicto
El perfil adjunto debe empezar con un «/».
Los nombres del perfil deben empezar con un «/», espacio de nombre o palabra clave «profile» o «hat».
Error al crear el alias %s -> %s
La marca del perfi chroot_relative está en conflicto con namespace_relative
La marca del perfil mediate_deleted está en conflicto con delegate_deleted
La marca del perfil attach_disconnected está en conflicto con no_attach_disconnected
La marca del perfil chroot_attach está en conflicto con chroot_no_attach
El indicador de perfil debug ya no es válido.
Indicador de perfil no válido: %s.
Afirmación: `rule' ha devuelto NULL.
El modo no es válido. Las reglas de negación x no pueden ir precedidas de los calificadores de ejecución i, p ni u.
El modo no es válido. 'x' debe ir precedido de los calificadores de ejecución 'i', 'p', 'c' o 'u'.
Modo no válido. x debe estar precedida del calificador de ejecución i, p o u.
Afirmación: network_rule ha devuelto un protocolo no válido.
Afirmación: change_profile ha devuelto NULL.
Afirmación: 'hat rule' ha devuelto NULL.
Afirmación: la regla local_profile ha devuelto un valor nulo.
Variable booleana %s sin definir utilizada en expresión condicional.
Regla no segura. Faltan los permisos de ejecución.
Sólo se puede utilizar el subconjunto con reglas de enlace.
Conflicto entre los permisos de ejecución y de enlace en un archivo de reglas que usa ->
No se permiten los permisos de enlace en una transición de perfil con nombre.
¿Falta final de carácter de línea? (Entrada: %s)
Entrada de red no válida.
Característica no válida %s.
Error del analizador AppArmor para %s%s%s en la línea %d: %s
Error de análisis AppArmor,%s%s línea %d: %s
%s: { de apertura ilegal, la anidación de grupos no está permitida
%s: error de agrupación Regex: número de elementos entre {} no válido
%s: error de agrupación Regex: } de cierre no válido, no se ha encontrado el signo { de apertura correspondiente
%s: error de agrupación de regex. Grupo o clase de caracteres sin cerrar. Se esperaba } de cierre.
%s: detectado desbordamiento de buffer interno, superado en %d caracteres
%s: no es posible analizar la línea de entrada '%s'
%s: nombre de perfil no válido «%s» - expresión regular incorrecta
ERROR al combinar reglas para el perfil %s. Error al cargar.
ERROR: el perfil %s contiene elementos de directiva que no se pueden usar con este núcleo:
 No se admite '*', '?', los rangos de caracteres ni las alternancias.
 '**' sólo se puede utilizar al final de una regla.
ERROR al procesar regexs para el perfil %s. Error al cargar.
ERROR al expandir las variables para el perfil %s. Error al cargar.
Error al añadir la regla de acceso hat en el perfil %s
ERROR en el perfil %s, error al cargar
%s: se han detectado errores durante el postprocesado. Abortando.
%s: se han detectado errores durante el posprocesado de regex. Cancelando.
%s: se han detectado errores durante el postrocesado. Abortando.
%s: se han detectado errores en el posprocesado de combinación de reglas. Cancelando.